<?xml version="1.0" encoding="UTF-8"?>
<!-- Generated by org.testng.reporters.JUnitXMLReporter -->
<testsuite hostname="ShivGee" ignored="0" name="Default test" tests="3" failures="0" timestamp="30 Apr 2020 16:35:41 GMT" time="44.992" errors="0">
  <testcase name="loginToWordpress" time="12.484" classname="com.testcases.paramertizewithdataprovider"/>
  <testcase name="loginToWordpress" time="10.45" classname="com.testcases.paramertizewithdataprovider"/>
  <testcase name="loginToWordpress" time="9.491" classname="com.testcases.paramertizewithdataprovider"/>
</testsuite> <!-- Default test -->
